<?xml version="1.0" encoding="UTF-8"?>
<testng-results skipped="0" failed="0" ignored="0" total="1" passed="1">
  <reporter-output>
  </reporter-output>
  <suite name="Default suite" duration-ms="15392" started-at="2018-04-09T12:32:48Z" finished-at="2018-04-09T12:33:04Z">
    <groups>
    </groups>
    <test name="Default test" duration-ms="15392" started-at="2018-04-09T12:32:48Z" finished-at="2018-04-09T12:33:04Z">
      <class name="e2epack.testcase4">
        <test-method status="PASS" signature="Testcaes1()[pri:0, instance:e2epack.testcase4@46d56d67]" name="Testcaes1" duration-ms="15346" started-at="2018-04-09T18:02:48Z" finished-at="2018-04-09T18:03:04Z">
          <reporter-output>
          </reporter-output>
        </test-method> <!-- Testcaes1 -->
      </class> <!-- e2epack.testcase4 -->
    </test> <!-- Default test -->
  </suite> <!-- Default suite -->
</testng-results>
